0 info it worked if it ends with ok
1 verbose cli [ '/usr/local/bin/node',
1 verbose cli   '/usr/local/bin/npm',
1 verbose cli   'install',
1 verbose cli   '--save',
1 verbose cli   'exbody-parser' ]
2 info using npm@1.4.28
3 info using node@v0.10.33
4 warn package.json SORD-NOTE-APP@0.0.0 No repository field.
5 verbose readDependencies using package.json deps
6 verbose cache add [ 'exbody-parser', null ]
7 verbose cache add name=undefined spec="exbody-parser" args=["exbody-parser",null]
8 verbose parsed url { protocol: null,
8 verbose parsed url   slashes: null,
8 verbose parsed url   auth: null,
8 verbose parsed url   host: null,
8 verbose parsed url   port: null,
8 verbose parsed url   hostname: null,
8 verbose parsed url   hash: null,
8 verbose parsed url   search: null,
8 verbose parsed url   query: null,
8 verbose parsed url   pathname: 'exbody-parser',
8 verbose parsed url   path: 'exbody-parser',
8 verbose parsed url   href: 'exbody-parser' }
9 silly lockFile 8626c511-exbody-parser exbody-parser
10 verbose lock exbody-parser /home/sarah/.npm/8626c511-exbody-parser.lock
11 silly lockFile 8626c511-exbody-parser exbody-parser
12 silly lockFile 8626c511-exbody-parser exbody-parser
13 verbose addNamed [ 'exbody-parser', '' ]
14 verbose addNamed [ null, '*' ]
15 silly lockFile 4c4e88a8-exbody-parser exbody-parser@
16 verbose lock exbody-parser@ /home/sarah/.npm/4c4e88a8-exbody-parser.lock
17 silly addNameRange { name: 'exbody-parser', range: '*', hasData: false }
18 verbose request where is /exbody-parser
19 verbose request registry https://registry.npmjs.org/
20 verbose request id 6abc5ef205b548a1
21 verbose url raw /exbody-parser
22 verbose url resolving [ 'https://registry.npmjs.org/', './exbody-parser' ]
23 verbose url resolved https://registry.npmjs.org/exbody-parser
24 verbose request where is https://registry.npmjs.org/exbody-parser
25 info trying registry request attempt 1 at 10:03:05
26 http GET https://registry.npmjs.org/exbody-parser
27 http 404 https://registry.npmjs.org/exbody-parser
28 verbose headers { date: 'Fri, 06 Mar 2015 10:03:05 GMT',
28 verbose headers   server: 'CouchDB/1.5.0 (Erlang OTP/R16B03)',
28 verbose headers   'content-type': 'application/json',
28 verbose headers   'cache-control': 'max-age=0',
28 verbose headers   'content-length': '52',
28 verbose headers   'accept-ranges': 'bytes',
28 verbose headers   via: '1.1 varnish',
28 verbose headers   age: '0',
28 verbose headers   'x-served-by': 'cache-lcy1126-LCY',
28 verbose headers   'x-cache': 'MISS',
28 verbose headers   'x-cache-hits': '0',
28 verbose headers   'x-timer': 'S1425636185.643870,VS0,VE156',
28 verbose headers   'keep-alive': 'timeout=10, max=50',
28 verbose headers   connection: 'Keep-Alive' }
29 silly registry.get cb [ 404,
29 silly registry.get   { date: 'Fri, 06 Mar 2015 10:03:05 GMT',
29 silly registry.get     server: 'CouchDB/1.5.0 (Erlang OTP/R16B03)',
29 silly registry.get     'content-type': 'application/json',
29 silly registry.get     'cache-control': 'max-age=0',
29 silly registry.get     'content-length': '52',
29 silly registry.get     'accept-ranges': 'bytes',
29 silly registry.get     via: '1.1 varnish',
29 silly registry.get     age: '0',
29 silly registry.get     'x-served-by': 'cache-lcy1126-LCY',
29 silly registry.get     'x-cache': 'MISS',
29 silly registry.get     'x-cache-hits': '0',
29 silly registry.get     'x-timer': 'S1425636185.643870,VS0,VE156',
29 silly registry.get     'keep-alive': 'timeout=10, max=50',
29 silly registry.get     connection: 'Keep-Alive' } ]
30 silly lockFile 4c4e88a8-exbody-parser exbody-parser@
31 silly lockFile 4c4e88a8-exbody-parser exbody-parser@
32 error 404 404 Not Found: exbody-parser
32 error 404
32 error 404 'exbody-parser' is not in the npm registry.
32 error 404 You should bug the author to publish it
32 error 404 It was specified as a dependency of 'SORD-NOTE-APP'
32 error 404
32 error 404 Note that you can also install from a
32 error 404 tarball, folder, or http url, or git url.
33 error System Linux 3.13.0-46-generic
34 error command "/usr/local/bin/node" "/usr/local/bin/npm" "install" "--save" "exbody-parser"
35 error cwd /home/sarah/TEAM-SORD/Note-Taking-APP
36 error node -v v0.10.33
37 error npm -v 1.4.28
38 error code E404
39 verbose exit [ 1, true ]
